2025-02-11 10:12:35,475 - INFO - Downloading chromedriver (132.0.6834.159)...
2025-02-11 10:12:58,681 - INFO - Email entered.
2025-02-11 10:12:58,894 - INFO - Password entered.
2025-02-11 10:12:59,010 - INFO - Submit button clicked.
2025-02-11 10:12:59,010 - INFO - Waiting for token in URL...
2025-02-11 10:13:00,978 - INFO - Token updated successfully.
2025-02-11 12:21:15,654 - INFO - Downloading chromedriver (132.0.6834.159)...
2025-02-11 12:21:36,950 - INFO - Email entered.
2025-02-11 12:21:37,230 - INFO - Password entered.
2025-02-11 12:21:37,328 - INFO - Submit button clicked.
2025-02-11 12:21:37,328 - INFO - Waiting for token in URL...
2025-02-11 12:21:39,996 - INFO - Token updated successfully.
2025-02-11 14:10:52,159 - INFO - Downloading chromedriver (132.0.6834.159)...
2025-02-11 14:11:09,643 - INFO - Email entered.
2025-02-11 14:11:09,808 - INFO - Password entered.
2025-02-11 14:11:09,892 - INFO - Submit button clicked.
2025-02-11 14:11:09,893 - INFO - Waiting for token in URL...
2025-02-11 14:11:11,843 - INFO - Token updated successfully.
2025-02-11 16:14:47,801 - INFO - Downloading chromedriver (133.0.6943.53)...
2025-02-11 16:15:16,502 - INFO - Email entered.
2025-02-11 16:15:16,928 - INFO - Password entered.
2025-02-11 16:15:17,043 - INFO - Submit button clicked.
2025-02-11 16:15:17,044 - INFO - Waiting for token in URL...
2025-02-11 16:15:19,074 - INFO - Token updated successfully.
